#
# There is insufficient memory for the Java Runtime Environment to continue.
# Native memory allocation (malloc) failed to allocate 22536 bytes for AllocateHeap
# Possible reasons:
#   The system is out of physical RAM or swap space
#   In 32 bit mode, the process size limit was hit
# Possible solutions:
#   Reduce memory load on the system
#   Increase physical memory or swap space
#   Check if swap backing store is full
#   Use 64 bit Java on a 64 bit OS
#   Decrease Java heap size (-Xmx/-Xms)
#   Decrease number of Java threads
#   Decrease Java thread stack sizes (-Xss)
#   Set larger code cache with -XX:ReservedCodeCacheSize=
# This output file may be truncated or incomplete.
#
#  Out of Memory Error (memory/allocation.inline.hpp:61), pid=14412, tid=20804
#
# JRE version:  (8.0_60-b27) (build )
# Java VM: Java HotSpot(TM) 64-Bit Server VM (25.60-b23 mixed mode windows-amd64 compressed oops)
# Failed to write core dump. Minidumps are not enabled by default on client versions of Windows
#

---------------  T H R E A D  ---------------

Current thread (0x00000000028a1000):  JavaThread "Finalizer" daemon [_thread_in_vm, id=20804, stack(0x0000000026780000,0x0000000026880000)]

Stack: [0x0000000026780000,0x0000000026880000]
[error occurred during error reporting (printing stack bounds), id 0xc0000005]

Native frames: (J=compiled Java code, j=interpreted, Vv=VM code, C=native code)

Java frames: (J=compiled Java code, j=interpreted, Vv=VM code)
j  java.util.Hashtable.<init>(IF)V+47
j  java.util.Hashtable.<init>()V+5
j  java.util.Properties.<init>(Ljava/util/Properties;)V+1
j  java.util.Properties.<init>()V+2
j  sun.misc.VM.<clinit>()V+38
v  ~StubRoutines::call_stub
j  java.lang.ref.Finalizer$FinalizerThread.run()V+8
v  ~StubRoutines::call_stub

---------------  P R O C E S S  ---------------

Java Threads: ( => current thread )
=>0x00000000028a1000 JavaThread "Finalizer" daemon [_thread_in_vm, id=20804, stack(0x0000000026780000,0x0000000026880000)]
  0x000000000289e000 JavaThread "Reference Handler" daemon [_thread_new, id=20800, stack(0x0000000000000000,0x0000000000000000)]
  0x00000000027b2800 JavaThread "main" [_thread_in_native, id=20380, stack(0x0000000002340000,0x0000000002440000)]

Other Threads:
  0x00000000254c7000 VMThread [stack: 0x0000000026580000,0x0000000026680000] [id=20732]

VM state:not at safepoint (normal execution)

VM Mutex/Monitor currently owned by a thread: None

Heap:
 PSYoungGen      total 153088K, used 5263K [0x0000000715a00000, 0x0000000720480000, 0x00000007c0000000)
  eden space 131584K, 4% used [0x0000000715a00000,0x0000000715f23e30,0x000000071da80000)
  from space 21504K, 0% used [0x000000071ef80000,0x000000071ef80000,0x0000000720480000)
  to   space 21504K, 0% used [0x000000071da80000,0x000000071da80000,0x000000071ef80000)
 ParOldGen       total 349696K, used 0K [0x00000005c0e00000, 0x00000005d6380000, 0x0000000715a00000)
  object space 349696K, 0% used [0x00000005c0e00000,0x00000005c0e00000,0x00000005d6380000)
 Metaspace       used 971K, capacity 4480K, committed 4480K, reserved 1056768K
  class space    used 99K, capacity 384K, committed 384K, reserved 1048576K

Card table byte_map: [0x0000000011c80000,0x0000000012c80000] byte_map_base: 0x000000000ee79000

Marking Bits: (ParMarkBitMap*) 0x0000000061d9a5b0
 Begin Bits: [0x0000000013b30000, 0x000000001baf8000)
 End Bits:   [0x000000001baf8000, 0x0000000023ac0000)

Polling page: 0x0000000002440000

CodeCache: size=245760Kb used=402Kb max_used=402Kb free=245357Kb
 bounds [0x00000000028c0000, 0x0000000002b30000, 0x00000000118c0000]
 total_blobs=99 nmethods=0 adapters=73
 compilation: enabled

Compilation events (0 events):
No events

GC Heap History (0 events):
No events

Deoptimization events (0 events):
No events

Internal exceptions (0 events):
No events

Events (10 events):
Event: 0.121 loading class java/lang/ref/ReferenceQueue done
Event: 0.121 loading class java/lang/ref/ReferenceQueue$Null
Event: 0.121 loading class java/lang/ref/ReferenceQueue$Null done
Event: 0.121 loading class java/lang/ref/ReferenceQueue$Lock
Event: 0.121 loading class java/lang/ref/ReferenceQueue$Lock done
Event: 0.121 loading class java/lang/ref/Finalizer$FinalizerThread
Event: 0.121 loading class java/lang/ref/Finalizer$FinalizerThread done
Event: 0.121 Thread 0x00000000028a1000 Thread added: 0x00000000028a1000
Event: 0.121 loading class sun/misc/VM
Event: 0.121 loading class sun/misc/VM done


Dynamic libraries:
0x00007ff6eab50000 - 0x00007ff6eab87000 	C:\Program Files\Java\jdk1.8.0_60\bin\javaw.exe
0x00007ffcebe80000 - 0x00007ffcec05b000 	C:\WINDOWS\SYSTEM32\ntdll.dll
0x00007ffce9b40000 - 0x00007ffce9bee000 	C:\WINDOWS\System32\KERNEL32.DLL
0x00007ffce8f60000 - 0x00007ffce91a9000 	C:\WINDOWS\System32\KERNELBASE.dll
0x00007ffcebd20000 - 0x00007ffcebdc1000 	C:\WINDOWS\System32\ADVAPI32.dll
0x00007ffce9c00000 - 0x00007ffce9c9d000 	C:\WINDOWS\System32\msvcrt.dll
0x00007ffcea110000 - 0x00007ffcea169000 	C:\WINDOWS\System32\sechost.dll
0x00007ffce9960000 - 0x00007ffce9a85000 	C:\WINDOWS\System32\RPCRT4.dll
0x00007ffcea790000 - 0x00007ffcea8da000 	C:\WINDOWS\System32\USER32.dll
0x00007ffce91b0000 - 0x00007ffce91ce000 	C:\WINDOWS\System32\win32u.dll
0x00007ffce9b10000 - 0x00007ffce9b37000 	C:\WINDOWS\System32\GDI32.dll
0x00007ffce84a0000 - 0x00007ffce8629000 	C:\WINDOWS\System32\gdi32full.dll
0x00007ffce91d0000 - 0x00007ffce926a000 	C:\WINDOWS\System32\msvcp_win.dll
0x00007ffce83a0000 - 0x00007ffce8496000 	C:\WINDOWS\System32\ucrtbase.dll
0x00007ffcdbc40000 - 0x00007ffcdbea7000 	C:\WINDOWS\WinSxS\amd64_microsoft.windows.common-controls_6595b64144ccf1df_6.0.15063.0_none_108e4f62dfe5d999\COMCTL32.dll
0x00007ffce9e10000 - 0x00007ffcea109000 	C:\WINDOWS\System32\combase.dll
0x00007ffce9270000 - 0x00007ffce92da000 	C:\WINDOWS\System32\bcryptPrimitives.dll
0x00007ffce95e0000 - 0x00007ffce960d000 	C:\WINDOWS\System32\IMM32.DLL
0x0000000061020000 - 0x00000000610f2000 	C:\Program Files\Java\jdk1.8.0_60\jre\bin\msvcr100.dll
0x0000000061590000 - 0x0000000061e19000 	C:\Program Files\Java\jdk1.8.0_60\jre\bin\server\jvm.dll
0x00007ffce9bf0000 - 0x00007ffce9bf8000 	C:\WINDOWS\System32\PSAPI.DLL
0x00007ffcd8090000 - 0x00007ffcd8099000 	C:\WINDOWS\SYSTEM32\WSOCK32.dll
0x00007ffce98f0000 - 0x00007ffce995c000 	C:\WINDOWS\System32\WS2_32.dll
0x00007ffce67e0000 - 0x00007ffce6803000 	C:\WINDOWS\SYSTEM32\WINMM.dll
0x00007ffce24f0000 - 0x00007ffce24fa000 	C:\WINDOWS\SYSTEM32\VERSION.dll
0x00007ffce6750000 - 0x00007ffce677b000 	C:\WINDOWS\SYSTEM32\WINMMBASE.dll
0x00007ffce92e0000 - 0x00007ffce9329000 	C:\WINDOWS\System32\cfgmgr32.dll
0x0000000062270000 - 0x000000006227f000 	C:\Program Files\Java\jdk1.8.0_60\jre\bin\verify.dll
0x0000000062240000 - 0x0000000062269000 	C:\Program Files\Java\jdk1.8.0_60\jre\bin\java.dll
0x0000000060fe0000 - 0x0000000061015000 	C:\Program Files\Java\jdk1.8.0_60\jre\bin\jdwp.dll
0x0000000060fd0000 - 0x0000000060fd8000 	C:\Program Files\Java\jdk1.8.0_60\jre\bin\npt.dll
0x0000000062220000 - 0x0000000062236000 	C:\Program Files\Java\jdk1.8.0_60\jre\bin\zip.dll
0x00007ffcea8e0000 - 0x00007ffcebd17000 	C:\WINDOWS\System32\SHELL32.dll

VM Arguments:
jvm_args: -agentlib:jdwp=transport=dt_socket,suspend=y,address=localhost:7655 -Dfile.encoding=GBK 
java_command: framework.GAProtocolsFinder
java_class_path (initial): E:\workspace\FIFOSpinLockFramework\bin
Launcher Type: SUN_STANDARD

Environment Variables:
JAVA_HOME=C:\Program Files\Java\jdk1.8.0_60
CLASSPATH=.;C:\Program Files\Java\jdk1.8.0_60\lib;C:\Program Files\Java\jdk1.8.0_60\lib\dt.jar;C:\Program Files\Java\jdk1.8.0_60\lib\tools.jar
PATH=C:/Program Files/Java/jdk1.8.0_60/bin/../jre/bin/server;C:/Program Files/Java/jdk1.8.0_60/bin/../jre/bin;C:/Program Files/Java/jdk1.8.0_60/bin/../jre/lib/amd64;C:\Program Files (x86)\Razer Chroma SDK\bin;C:\Program Files\Razer Chroma SDK\bin;C:\Program Files\Java\jdk1.8.0_60\bin;C:\Program Files\Java\jdk1.8.0_60\jre\bin;C:\ProgramData\Oracle\Java\javapath;C:\Program Files (x86)\Intel\iCLS Client\;C:\Program Files\Intel\iCLS Client\;C:\Windows\system32;C:\Windows;C:\Windows\System32\Wbem;C:\Windows\System32\WindowsPowerShell\v1.0\;C:\Program Files (x86)\Intel\Intel(R) Management Engine Components\DAL;C:\Program Files\Intel\Intel(R) Management Engine Components\DAL;C:\Program Files (x86)\Intel\Intel(R) Management Engine Components\IPT;C:\Program Files\Intel\Intel(R) Management Engine Components\IPT;C:\Program Files (x86)\NVIDIA Corporation\PhysX\Common;C:\Program Files\MiKTeX 2.9\miktex\bin\x64\;C:\WINDOWS\system32;C:\WINDOWS;C:\WINDOWS\System32\Wbem;C:\WINDOWS\System32\WindowsPowerShell\v1.0\;C:\WINDOWS\system32;C:\WINDOWS;C:\WINDOWS\System32\Wbem;C:\WINDOWS\System32\WindowsPowerShell\v1.0\;C:\Program Files\MATLAB\R2016b\runtime\win64;C:\Program Files\MATLAB\R2016b\bin;C:\Program Files\MATLAB\R2016b\polyspace\bin;C:\WINDOWS\system32\config\systemprofile\.dnx\bin;C:\Program Files\Microsoft DNX\Dnvm\;C:\Program Files\Microsoft SQL Server\130\Tools\Binn\;C:\Program Files (x86)\Skype\Phone\;C:\Users\shuai\Desktop\uppaal-4.1.19\bin-Win32;C:\Users\shuai\AppData\Local\Microsoft\WindowsApps;C:\Program Files\GLPK\glpk-4.60\w64;;D:\eclipse\eclipse;
USERNAME=shuai
OS=Windows_NT
PROCESSOR_IDENTIFIER=Intel64 Family 6 Model 94 Stepping 3, GenuineIntel



---------------  S Y S T E M  ---------------

OS: Windows 10.0 , 64 bit Build 15063 (10.0.15063.0)

CPU:total 4 (4 cores per cpu, 2 threads per core) family 6 model 94 stepping 3, cmov, cx8, fxsr, mmx, sse, sse2, sse3, ssse3, sse4.1, sse4.2, popcnt, avx, avx2, aes, clmul, erms, rtm, 3dnowpref, lzcnt, ht, tsc, tscinvbit, bmi1, bmi2, adx

Memory: 4k page, physical 33492132k(26278060k free), swap 66376608k(2664k free)

vm_info: Java HotSpot(TM) 64-Bit Server VM (25.60-b23) for windows-amd64 JRE (1.8.0_60-b27), built on Aug  4 2015 11:06:27 by "java_re" with MS VC++ 10.0 (VS2010)

time: Fri Apr 21 15:26:32 2017
elapsed time: 0 seconds (0d 0h 0m 0s)

