#
# There is insufficient memory for the Java Runtime Environment to continue.
# Native memory allocation (malloc) failed to allocate 414 bytes for AllocateHeap
# Possible reasons:
#   The system is out of physical RAM or swap space
#   In 32 bit mode, the process size limit was hit
# Possible solutions:
#   Reduce memory load on the system
#   Increase physical memory or swap space
#   Check if swap backing store is full
#   Use 64 bit Java on a 64 bit OS
#   Decrease Java heap size (-Xmx/-Xms)
#   Decrease number of Java threads
#   Decrease Java thread stack sizes (-Xss)
#   Set larger code cache with -XX:ReservedCodeCacheSize=
# This output file may be truncated or incomplete.
#
#  Out of Memory Error (memory/allocation.inline.hpp:61), pid=17756, tid=17760
#
# JRE version:  ((uninitialized)) (build )
# Java VM: Java HotSpot(TM) 64-Bit Server VM (25.60-b23 mixed mode, sharing windows-amd64 )
# Failed to write core dump. Minidumps are not enabled by default on client versions of Windows
#

---------------  T H R E A D  ---------------

Current thread is native thread

Stack: [0x0000000000cb0000,0x0000000000db0000]
Native frames: (J=compiled Java code, j=interpreted, Vv=VM code, C=native code)


---------------  P R O C E S S  ---------------

VM state:not at safepoint (not fully initialized)

VM Mutex/Monitor currently owned by a thread: None


Dynamic libraries:
0x00007ff6eab50000 - 0x00007ff6eab87000 	C:\Program Files\Java\jdk1.8.0_60\bin\javaw.exe
0x00007ffcebe80000 - 0x00007ffcec05b000 	C:\WINDOWS\SYSTEM32\ntdll.dll
0x00007ffce9b40000 - 0x00007ffce9bee000 	C:\WINDOWS\System32\KERNEL32.DLL
0x00007ffce8f60000 - 0x00007ffce91a9000 	C:\WINDOWS\System32\KERNELBASE.dll
0x00007ffcebd20000 - 0x00007ffcebdc1000 	C:\WINDOWS\System32\ADVAPI32.dll
0x00007ffce9c00000 - 0x00007ffce9c9d000 	C:\WINDOWS\System32\msvcrt.dll
0x00007ffcea110000 - 0x00007ffcea169000 	C:\WINDOWS\System32\sechost.dll
0x00007ffce9960000 - 0x00007ffce9a85000 	C:\WINDOWS\System32\RPCRT4.dll
0x00007ffcea790000 - 0x00007ffcea8da000 	C:\WINDOWS\System32\USER32.dll
0x00007ffce91b0000 - 0x00007ffce91ce000 	C:\WINDOWS\System32\win32u.dll
0x00007ffce9b10000 - 0x00007ffce9b37000 	C:\WINDOWS\System32\GDI32.dll
0x00007ffce84a0000 - 0x00007ffce8629000 	C:\WINDOWS\System32\gdi32full.dll
0x00007ffce91d0000 - 0x00007ffce926a000 	C:\WINDOWS\System32\msvcp_win.dll
0x00007ffce83a0000 - 0x00007ffce8496000 	C:\WINDOWS\System32\ucrtbase.dll
0x00007ffcdbc40000 - 0x00007ffcdbea7000 	C:\WINDOWS\WinSxS\amd64_microsoft.windows.common-controls_6595b64144ccf1df_6.0.15063.0_none_108e4f62dfe5d999\COMCTL32.dll
0x00007ffce9e10000 - 0x00007ffcea109000 	C:\WINDOWS\System32\combase.dll
0x00007ffce9270000 - 0x00007ffce92da000 	C:\WINDOWS\System32\bcryptPrimitives.dll
0x00007ffce95e0000 - 0x00007ffce960d000 	C:\WINDOWS\System32\IMM32.DLL
0x0000000061020000 - 0x00000000610f2000 	C:\Program Files\Java\jdk1.8.0_60\jre\bin\msvcr100.dll
0x0000000061590000 - 0x0000000061e19000 	C:\Program Files\Java\jdk1.8.0_60\jre\bin\server\jvm.dll
0x00007ffce9bf0000 - 0x00007ffce9bf8000 	C:\WINDOWS\System32\PSAPI.DLL
0x00007ffcd8090000 - 0x00007ffcd8099000 	C:\WINDOWS\SYSTEM32\WSOCK32.dll
0x00007ffce98f0000 - 0x00007ffce995c000 	C:\WINDOWS\System32\WS2_32.dll
0x00007ffce67e0000 - 0x00007ffce6803000 	C:\WINDOWS\SYSTEM32\WINMM.dll
0x00007ffce24f0000 - 0x00007ffce24fa000 	C:\WINDOWS\SYSTEM32\VERSION.dll
0x00007ffce6750000 - 0x00007ffce677b000 	C:\WINDOWS\SYSTEM32\WINMMBASE.dll
0x00007ffce92e0000 - 0x00007ffce9329000 	C:\WINDOWS\System32\cfgmgr32.dll

VM Arguments:
java_command: <unknown>
java_class_path (initial): <not set>
Launcher Type: SUN_STANDARD

Environment Variables:
JAVA_HOME=C:\Program Files\Java\jdk1.8.0_60
CLASSPATH=.;C:\Program Files\Java\jdk1.8.0_60\lib;C:\Program Files\Java\jdk1.8.0_60\lib\dt.jar;C:\Program Files\Java\jdk1.8.0_60\lib\tools.jar
PATH=C:/Program Files/Java/jdk1.8.0_60/bin/../jre/bin/server;C:/Program Files/Java/jdk1.8.0_60/bin/../jre/bin;C:/Program Files/Java/jdk1.8.0_60/bin/../jre/lib/amd64;C:\Program Files (x86)\Razer Chroma SDK\bin;C:\Program Files\Razer Chroma SDK\bin;C:\Program Files\Java\jdk1.8.0_60\bin;C:\Program Files\Java\jdk1.8.0_60\jre\bin;C:\ProgramData\Oracle\Java\javapath;C:\Program Files (x86)\Intel\iCLS Client\;C:\Program Files\Intel\iCLS Client\;C:\Windows\system32;C:\Windows;C:\Windows\System32\Wbem;C:\Windows\System32\WindowsPowerShell\v1.0\;C:\Program Files (x86)\Intel\Intel(R) Management Engine Components\DAL;C:\Program Files\Intel\Intel(R) Management Engine Components\DAL;C:\Program Files (x86)\Intel\Intel(R) Management Engine Components\IPT;C:\Program Files\Intel\Intel(R) Management Engine Components\IPT;C:\Program Files (x86)\NVIDIA Corporation\PhysX\Common;C:\Program Files\MiKTeX 2.9\miktex\bin\x64\;C:\WINDOWS\system32;C:\WINDOWS;C:\WINDOWS\System32\Wbem;C:\WINDOWS\System32\WindowsPowerShell\v1.0\;C:\WINDOWS\system32;C:\WINDOWS;C:\WINDOWS\System32\Wbem;C:\WINDOWS\System32\WindowsPowerShell\v1.0\;C:\Program Files\MATLAB\R2016b\runtime\win64;C:\Program Files\MATLAB\R2016b\bin;C:\Program Files\MATLAB\R2016b\polyspace\bin;C:\WINDOWS\system32\config\systemprofile\.dnx\bin;C:\Program Files\Microsoft DNX\Dnvm\;C:\Program Files\Microsoft SQL Server\130\Tools\Binn\;C:\Program Files (x86)\Skype\Phone\;C:\Users\shuai\Desktop\uppaal-4.1.19\bin-Win32;C:\Users\shuai\AppData\Local\Microsoft\WindowsApps;C:\Program Files\GLPK\glpk-4.60\w64;;D:\eclipse\eclipse;
USERNAME=shuai
OS=Windows_NT
PROCESSOR_IDENTIFIER=Intel64 Family 6 Model 94 Stepping 3, GenuineIntel



---------------  S Y S T E M  ---------------

OS: Windows 10.0 , 64 bit Build 15063 (10.0.15063.0)

CPU:total 4 

Memory: 4k page, physical 33492132k(26263832k free), swap 66376608k(4116k free)

vm_info: Java HotSpot(TM) 64-Bit Server VM (25.60-b23) for windows-amd64 JRE (1.8.0_60-b27), built on Aug  4 2015 11:06:27 by "java_re" with MS VC++ 10.0 (VS2010)

time: Fri Apr 21 15:26:32 2017
elapsed time: 0 seconds (0d 0h 0m 0s)

