287 finished
871 finished
671 finished
879 finished
223 finished
748 finished
398 finished
289 finished
745 finished
793 finished
640 finished
171 finished
285 finished
709 finished
124 finished
323 finished
264 finished
473 finished
318 finished
992 finished
854 finished
432 finished
484 finished
146 finished
602 finished
333 finished
895 finished
313 finished
880 finished
11 finished
278 finished
715 finished
134 finished
310 finished
198 finished
974 finished
4 finished
89 finished
960 finished
244 finished
34 finished
692 finished
623 finished
320 finished
185 finished
7 finished
524 finished
666 finished
461 finished
324 finished
409 finished
627 finished
548 finished
881 finished
975 finished
36 finished
838 finished
937 finished
346 finished
802 finished
566 finished
330 finished
652 finished
567 finished
169 finished
421 finished
982 finished
951 finished
487 finished
294 finished
475 finished
196 finished
576 finished
417 finished
780 finished
141 finished
614 finished
31 finished
720 finished
718 finished
61 finished
730 finished
53 finished
513 finished
338 finished
980 finished
433 finished
211 finished
716 finished
932 finished
440 finished
306 finished
41 finished
589 finished
283 finished
527 finished
158 finished
366 finished
292 finished
954 finished
583 finished
801 finished
312 finished
301 finished
418 finished
474 finished
284 finished
22 finished
741 finished
831 finished
184 finished
354 finished
152 finished
743 finished
221 finished
778 finished
279 finished
234 finished
703 finished
706 finished
427 finished
936 finished
767 finished
376 finished
995 finished
892 finished
59 finished
258 finished
55 finished
912 finished
477 finished
887 finished
115 finished
805 finished
241 finished
86 finished
9 finished
314 finished
377 finished
930 finished
726 finished
173 finished
390 finished
921 finished
329 finished
557 finished
766 finished
453 finished
436 finished
13 finished
213 finished
332 finished
813 finished
550 finished
307 finished
989 finished
384 finished
914 finished
209 finished
145 finished
859 finished
342 finished
408 finished
633 finished
972 finished
762 finished
841 finished
660 finished
26 finished
904 finished
988 finished
853 finished
676 finished
857 finished
415 finished
940 finished
704 finished
573 finished
634 finished
647 finished
365 finished
45 finished
151 finished
80 finished
908 finished
295 finished
498 finished
605 finished
317 finished
809 finished
674 finished
984 finished
531 finished
680 finished
362 finished
733 finished
727 finished
609 finished
135 finished
357 finished
83 finished
935 finished
57 finished
909 finished
724 finished
300 finished
516 finished
584 finished
758 finished
848 finished
159 finished
665 finished
558 finished
378 finished
266 finished
804 finished
60 finished
736 finished
374 finished
147 finished
978 finished
8 finished
426 finished
959 finished
15 finished
822 finished
603 finished
642 finished
659 finished
794 finished
492 finished
269 finished
902 finished
149 finished
430 finished
543 finished
532 finished
389 finished
168 finished
737 finished
79 finished
625 finished
233 finished
562 finished
277 finished
754 finished
681 finished
723 finished
482 finished
410 finished
683 finished
175 finished
620 finished
938 finished
616 finished
286 finished
465 finished
970 finished
24 finished
648 finished
522 finished
847 finished
994 finished
275 finished
425 finished
613 finished
304 finished
622 finished
646 finished
383 finished
540 finished
722 finished
252 finished
452 finished
127 finished
824 finished
291 finished
305 finished
806 finished
113 finished
406 finished
560 finished
953 finished
740 finished
611 finished
900 finished
382 finished
235 finished
714 finished
957 finished
459 finished
42 finished
873 finished
869 finished
298 finished
849 finished
815 finished
948 finished
207 finished
131 finished
679 finished
846 finished
182 finished
657 finished
97 finished
77 finished
316 finished
961 finished
672 finished
785 finished
924 finished
51 finished
190 finished
695 finished
157 finished
662 finished
247 finished
387 finished
274 finished
929 finished
753 finished
787 finished
370 finished
964 finished
165 finished
919 finished
791 finished
360 finished
46 finished
163 finished
401 finished
424 finished
915 finished
456 finished
595 finished
112 finished
973 finished
658 finished
551 finished
965 finished
181 finished
546 finished
891 finished
985 finished
888 finished
358 finished
501 finished
334 finished
590 finished
431 finished
429 finished
866 finished
579 finished
82 finished
437 finished
99 finished
731 finished
545 finished
886 finished
109 finished
12 finished
494 finished
189 finished
898 finished
811 finished
217 finished
349 finished
413 finished
732 finished
39 finished
699 finished
21 finished
547 finished
832 finished
505 finished
820 finished
16 finished
231 finished
232 finished
858 finished
918 finished
219 finished
364 finished
449 finished
356 finished
798 finished
380 finished
420 finished
254 finished
176 finished
5 finished
458 finished
23 finished
350 finished
719 finished
844 finished
73 finished
30 finished
139 finished
504 finished
155 finished
570 finished
257 finished
890 finished
102 finished
708 finished
510 finished
315 finished
137 finished
414 finished
867 finished
682 finished
381 finished
52 finished
70 finished
489 finished
448 finished
661 finished
76 finished
928 finished
572 finished
852 finished
580 finished
967 finished
577 finished
795 finished
419 finished
635 finished
270 finished
32 finished
480 finished
530 finished
819 finished
422 finished
385 finished
361 finished
379 finished
520 finished
655 finished
517 finished
325 finished
183 finished
272 finished
170 finished
770 finished
969 finished
529 finished
506 finished
835 finished
993 finished
201 finished
907 finished
467 finished
194 finished
62 finished
761 finished
17 finished
110 finished
103 finished
541 finished
943 finished
293 finished
535 finished
789 finished
466 finished
568 finished
941 finished
939 finished
58 finished
552 finished
160 finished
650 finished
375 finished
678 finished
922 finished
747 finished
675 finished
311 finished
179 finished
40 finished
949 finished
148 finished
875 finished
144 finished
121 finished
983 finished
500 finished
825 finished
216 finished
812 finished
66 finished
81 finished
624 finished
701 finished
243 finished
896 finished
773 finished
717 finished
600 finished
514 finished
925 finished
483 finished
971 finished
956 finished
808 finished
116 finished
195 finished
913 finished
757 finished
303 finished
877 finished
400 finished
341 finished
455 finished
178 finished
344 finished
260 finished
434 finished
872 finished
656 finished
321 finished
968 finished
297 finished
204 finished
6 finished
118 finished
404 finished
684 finished
91 finished
556 finished
100 finished
122 finished
107 finished
631 finished
839 finished
104 finished
536 finished
592 finished
707 finished
863 finished
267 finished
637 finished
905 finished
388 finished
818 finished
997 finished
667 finished
396 finished
976 finished
630 finished
979 finished
774 finished
619 finished
444 finished
618 finished
689 finished
779 finished
237 finished
739 finished
874 finished
359 finished
864 finished
126 finished
322 finished
542 finished
35 finished
786 finished
95 finished
108 finished
84 finished
236 finished
156 finished
212 finished
56 finished
942 finished
751 finished
94 finished
525 finished
93 finished
823 finished
14 finished
114 finished
245 finished
140 finished
224 finished
90 finished
644 finished
435 finished
246 finished
197 finished
220 finished
119 finished
784 finished
27 finished
28 finished
503 finished
117 finished
215 finished
136 finished
582 finished
523 finished
259 finished
192 finished
308 finished
441 finished
180 finished
63 finished
690 finished
643 finished
460 finished
273 finished
999 finished
328 finished
586 finished
343 finished
571 finished
629 finished
668 finished
911 finished
617 finished
933 finished
710 finished
18 finished
782 finished
763 finished
446 finished
861 finished
955 finished
491 finished
596 finished
738 finished
950 finished
826 finished
515 finished
588 finished
966 finished
885 finished
162 finished
47 finished
807 finished
319 finished
800 finished
593 finished
944 finished
476 finished
199 finished
882 finished
74 finished
578 finished
608 finished
696 finished
991 finished
150 finished
407 finished
402 finished
883 finished
927 finished
138 finished
368 finished
206 finished
442 finished
111 finished
897 finished
451 finished
772 finished
694 finished
651 finished
615 finished
599 finished
537 finished
447 finished
439 finished
876 finished
457 finished
756 finished
25 finished
821 finished
87 finished
296 finished
781 finished
561 finished
533 finished
878 finished
810 finished
64 finished
565 finished
228 finished
129 finished
230 finished
663 finished
893 finished
248 finished
837 finished
829 finished
746 finished
790 finished
544 finished
906 finished
271 finished
771 finished
621 finished
986 finished
302 finished
987 finished
816 finished
996 finished
261 finished
923 finished
177 finished
998 finished
251 finished
855 finished
43 finished
391 finished
783 finished
862 finished
353 finished
72 finished
711 finished
903 finished
981 finished
664 finished
673 finished
803 finished
845 finished
889 finished
833 finished
946 finished
712 finished
750 finished
796 finished
167 finished
765 finished
687 finished
238 finished
814 finished
700 finished
775 finished
817 finished
367 finished
337 finished
512 finished
355 finished
947 finished
641 finished
598 finished
990 finished
125 finished
901 finished
574 finished
347 finished
691 finished
760 finished
628 finished
697 finished
133 finished
92 finished
769 finished
288 finished
639 finished
962 finished
405 finished
597 finished
242 finished
705 finished
920 finished
559 finished
768 finished
67 finished
645 finished
926 finished
68 finished
0 finished
54 finished
638 finished
331 finished
143 finished
916 finished
416 finished
721 finished
636 finished
186 finished
130 finished
555 finished
105 finished
725 finished
2 finished
840 finished
49 finished
450 finished
865 finished
851 finished
262 finished
50 finished
225 finished
478 finished
106 finished
205 finished
208 finished
174 finished
200 finished
44 finished
29 finished
193 finished
88 finished
191 finished
759 finished
203 finished
20 finished
218 finished
142 finished
33 finished
1 finished
240 finished
468 finished
868 finished
917 finished
3 finished
585 finished
85 finished
693 finished
499 finished
472 finished
71 finished
164 finished
952 finished
698 finished
604 finished
411 finished
836 finished
587 finished
38 finished
601 finished
479 finished
335 finished
594 finished
526 finished
488 finished
899 finished
454 finished
397 finished
403 finished
471 finished
554 finished
490 finished
392 finished
340 finished
507 finished
653 finished
511 finished
229 finished
123 finished
128 finished
250 finished
187 finished
253 finished
268 finished
65 finished
48 finished
227 finished
153 finished
256 finished
249 finished
96 finished
132 finished
495 finished
553 finished
372 finished
563 finished
945 finished
386 finished
729 finished
463 finished
509 finished
428 finished
607 finished
352 finished
166 finished
575 finished
263 finished
423 finished
977 finished
670 finished
172 finished
10 finished
214 finished
282 finished
239 finished
828 finished
363 finished
799 finished
685 finished
462 finished
226 finished
75 finished
654 finished
734 finished
438 finished
290 finished
797 finished
534 finished
120 finished
677 finished
686 finished
702 finished
528 finished
395 finished
345 finished
564 finished
210 finished
497 finished
299 finished
581 finished
518 finished
910 finished
443 finished
276 finished
764 finished
958 finished
485 finished
827 finished
894 finished
752 finished
98 finished
776 finished
502 finished
399 finished
493 finished
539 finished
394 finished
469 finished
486 finished
549 finished
470 finished
744 finished
742 finished
281 finished
188 finished
265 finished
69 finished
309 finished
464 finished
412 finished
19 finished
445 finished
870 finished
255 finished
481 finished
728 finished
393 finished
521 finished
371 finished
339 finished
792 finished
496 finished
78 finished
569 finished
632 finished
519 finished
37 finished
326 finished
351 finished
161 finished
348 finished
373 finished
508 finished
626 finished
202 finished
154 finished
884 finished
280 finished
649 finished
538 finished
591 finished
222 finished
327 finished
749 finished
369 finished
336 finished
934 finished
843 finished
606 finished
101 finished
856 finished
931 finished
610 finished
777 finished
850 finished
612 finished
860 finished
788 finished
830 finished
963 finished
669 finished
834 finished
735 finished
688 finished
755 finished
842 finished
713 finished
0.861 0.854 0.388 0.775 0.737 0.217 0.0 0.0

6 finished
0 finished
11 finished
8 finished
10 finished
47 finished
19 finished
33 finished
46 finished
52 finished
5 finished
39 finished
51 finished
35 finished
50 finished
22 finished
42 finished
9 finished
74 finished
87 finished
81 finished
58 finished
66 finished
16 finished
76 finished
67 finished
2 finished
77 finished
17 finished
13 finished
31 finished
21 finished
113 finished
18 finished
60 finished
54 finished
25 finished
56 finished
62 finished
7 finished
201 finished
196 finished
165 finished
119 finished
151 finished
163 finished
129 finished
175 finished
198 finished
176 finished
59 finished
150 finished
144 finished
182 finished
195 finished
179 finished
178 finished
49 finished
70 finished
73 finished
24 finished
172 finished
29 finished
86 finished
168 finished
45 finished
162 finished
4 finished
156 finished
152 finished
140 finished
65 finished
131 finished
82 finished
123 finished
44 finished
97 finished
89 finished
106 finished
100 finished
110 finished
92 finished
72 finished
109 finished
200 finished
207 finished
204 finished
130 finished
147 finished
128 finished
164 finished
121 finished
135 finished
190 finished
143 finished
116 finished
104 finished
193 finished
41 finished
101 finished
55 finished
38 finished
26 finished
15 finished
53 finished
161 finished
61 finished
20 finished
111 finished
102 finished
183 finished
117 finished
118 finished
160 finished
114 finished
32 finished
48 finished
254 finished
246 finished
228 finished
99 finished
237 finished
265 finished
224 finished
217 finished
141 finished
93 finished
256 finished
234 finished
221 finished
239 finished
250 finished
236 finished
257 finished
27 finished
240 finished
98 finished
96 finished
68 finished
205 finished
249 finished
155 finished
225 finished
83 finished
259 finished
211 finished
185 finished
262 finished
153 finished
148 finished
276 finished
273 finished
167 finished
189 finished
177 finished
245 finished
115 finished
278 finished
37 finished
290 finished
253 finished
36 finished
75 finished
166 finished
283 finished
133 finished
272 finished
281 finished
105 finished
145 finished
251 finished
282 finished
186 finished
91 finished
146 finished
136 finished
69 finished
243 finished
80 finished
125 finished
248 finished
285 finished
231 finished
132 finished
215 finished
30 finished
78 finished
206 finished
184 finished
187 finished
214 finished
216 finished
287 finished
120 finished
202 finished
289 finished
88 finished
139 finished
213 finished
223 finished
170 finished
28 finished
12 finished
180 finished
90 finished
127 finished
79 finished
57 finished
233 finished
181 finished
294 finished
158 finished
154 finished
138 finished
301 finished
203 finished
142 finished
85 finished
173 finished
261 finished
137 finished
108 finished
174 finished
40 finished
124 finished
244 finished
297 finished
63 finished
122 finished
112 finished
34 finished
208 finished
242 finished
64 finished
269 finished
171 finished
238 finished
84 finished
192 finished
157 finished
3 finished
95 finished
14 finished
229 finished
255 finished
134 finished
260 finished
188 finished
149 finished
299 finished
292 finished
279 finished
23 finished
126 finished
298 finished
295 finished
324 finished
226 finished
326 finished
218 finished
159 finished
194 finished
384 finished
199 finished
331 finished
43 finished
230 finished
323 finished
210 finished
258 finished
71 finished
197 finished
222 finished
376 finished
235 finished
362 finished
363 finished
219 finished
359 finished
352 finished
377 finished
264 finished
227 finished
315 finished
355 finished
247 finished
322 finished
319 finished
338 finished
169 finished
340 finished
351 finished
350 finished
275 finished
302 finished
212 finished
369 finished
353 finished
379 finished
336 finished
305 finished
370 finished
300 finished
344 finished
327 finished
360 finished
356 finished
266 finished
339 finished
358 finished
397 finished
94 finished
357 finished
268 finished
325 finished
374 finished
342 finished
318 finished
291 finished
375 finished
209 finished
107 finished
349 finished
293 finished
418 finished
304 finished
277 finished
421 finished
439 finished
415 finished
271 finished
402 finished
286 finished
438 finished
448 finished
396 finished
409 finished
404 finished
252 finished
426 finished
440 finished
407 finished
401 finished
191 finished
478 finished
296 finished
485 finished
492 finished
508 finished
456 finished
498 finished
487 finished
504 finished
495 finished
509 finished
510 finished
488 finished
345 finished
499 finished
489 finished
469 finished
473 finished
527 finished
517 finished
515 finished
523 finished
460 finished
521 finished
514 finished
530 finished
531 finished
512 finished
455 finished
486 finished
500 finished
477 finished
490 finished
526 finished
496 finished
543 finished
524 finished
528 finished
541 finished
467 finished
507 finished
497 finished
410 finished
518 finished
516 finished
546 finished
431 finished
494 finished
481 finished
1 finished
411 finished
437 finished
505 finished
529 finished
520 finished
388 finished
416 finished
270 finished
381 finished
463 finished
538 finished
462 finished
459 finished
392 finished
417 finished
444 finished
472 finished
424 finished
333 finished
385 finished
447 finished
232 finished
436 finished
519 finished
328 finished
428 finished
539 finished
406 finished
103 finished
493 finished
220 finished
537 finished
522 finished
501 finished
513 finished
480 finished
503 finished
545 finished
284 finished
383 finished
399 finished
422 finished
423 finished
484 finished
570 finished
553 finished
267 finished
288 finished
535 finished
412 finished
394 finished
599 finished
346 finished
311 finished
427 finished
317 finished
586 finished
567 finished
312 finished
316 finished
563 finished
579 finished
313 finished
552 finished
566 finished
368 finished
591 finished
308 finished
604 finished
335 finished
652 finished
354 finished
525 finished
483 finished
595 finished
451 finished
452 finished
532 finished
534 finished
549 finished
544 finished
476 finished
280 finished
593 finished
419 finished
373 finished
263 finished
502 finished
550 finished
597 finished
314 finished
575 finished
585 finished
587 finished
347 finished
429 finished
564 finished
618 finished
390 finished
458 finished
491 finished
332 finished
547 finished
577 finished
303 finished
506 finished
548 finished
554 finished
569 finished
470 finished
572 finished
482 finished
450 finished
334 finished
542 finished
583 finished
393 finished
602 finished
343 finished
307 finished
367 finished
309 finished
650 finished
596 finished
365 finished
556 finished
310 finished
449 finished
341 finished
330 finished
540 finished
536 finished
589 finished
573 finished
610 finished
649 finished
648 finished
672 finished
479 finished
382 finished
533 finished
608 finished
361 finished
603 finished
632 finished
659 finished
647 finished
614 finished
611 finished
609 finished
627 finished
468 finished
464 finished
398 finished
617 finished
241 finished
364 finished
612 finished
657 finished
306 finished
643 finished
441 finished
461 finished
387 finished
413 finished
666 finished
581 finished
372 finished
400 finished
432 finished
576 finished
555 finished
405 finished
551 finished
623 finished
580 finished
694 finished
571 finished
626 finished
636 finished
601 finished
474 finished
511 finished
631 finished
558 finished
378 finished
639 finished
557 finished
380 finished
676 finished
403 finished
442 finished
274 finished
465 finished
386 finished
408 finished
430 finished
466 finished
592 finished
425 finished
414 finished
635 finished
582 finished
620 finished
637 finished
321 finished
329 finished
645 finished
651 finished
457 finished
615 finished
391 finished
435 finished
371 finished
642 finished
560 finished
619 finished
434 finished
348 finished
471 finished
433 finished
588 finished
633 finished
584 finished
559 finished
453 finished
337 finished
443 finished
600 finished
625 finished
607 finished
574 finished
420 finished
598 finished
646 finished
629 finished
366 finished
671 finished
673 finished
454 finished
684 finished
697 finished
605 finished
621 finished
395 finished
630 finished
613 finished
656 finished
624 finished
661 finished
660 finished
594 finished
628 finished
561 finished
674 finished
670 finished
681 finished
568 finished
622 finished
669 finished
698 finished
320 finished
445 finished
475 finished
446 finished
668 finished
663 finished
653 finished
654 finished
616 finished
695 finished
578 finished
662 finished
696 finished
590 finished
699 finished
565 finished
677 finished
644 finished
641 finished
675 finished
686 finished
640 finished
664 finished
562 finished
389 finished
701 finished
678 finished
682 finished
714 finished
727 finished
726 finished
606 finished
683 finished
724 finished
722 finished
655 finished
747 finished
706 finished
749 finished
711 finished
708 finished
713 finished
705 finished
728 finished
742 finished
638 finished
721 finished
691 finished
764 finished
688 finished
735 finished
741 finished
771 finished
743 finished
768 finished
693 finished
759 finished
751 finished
702 finished
753 finished
703 finished
748 finished
712 finished
736 finished
760 finished
665 finished
680 finished
740 finished
774 finished
758 finished
667 finished
718 finished
658 finished
757 finished
737 finished
700 finished
634 finished
704 finished
763 finished
762 finished
755 finished
690 finished
744 finished
732 finished
756 finished
780 finished
750 finished
720 finished
775 finished
773 finished
766 finished
687 finished
776 finished
717 finished
689 finished
725 finished
754 finished
799 finished
715 finished
729 finished
784 finished
806 finished
738 finished
745 finished
761 finished
787 finished
710 finished
707 finished
692 finished
734 finished
815 finished
803 finished
789 finished
790 finished
795 finished
786 finished
811 finished
777 finished
716 finished
685 finished
802 finished
816 finished
783 finished
792 finished
772 finished
813 finished
770 finished
804 finished
796 finished
779 finished
788 finished
798 finished
820 finished
739 finished
810 finished
731 finished
679 finished
823 finished
730 finished
818 finished
723 finished
769 finished
785 finished
834 finished
839 finished
822 finished
854 finished
841 finished
827 finished
767 finished
845 finished
824 finished
808 finished
835 finished
812 finished
733 finished
781 finished
829 finished
746 finished
752 finished
791 finished
831 finished
851 finished
793 finished
836 finished
837 finished
800 finished
765 finished
874 finished
778 finished
719 finished
809 finished
861 finished
863 finished
867 finished
848 finished
801 finished
876 finished
828 finished
807 finished
856 finished
838 finished
864 finished
859 finished
814 finished
869 finished
794 finished
858 finished
875 finished
873 finished
880 finished
890 finished
862 finished
833 finished
883 finished
805 finished
832 finished
846 finished
884 finished
825 finished
850 finished
844 finished
821 finished
826 finished
893 finished
797 finished
885 finished
899 finished
910 finished
898 finished
901 finished
907 finished
904 finished
868 finished
817 finished
865 finished
709 finished
909 finished
908 finished
905 finished
819 finished
857 finished
847 finished
903 finished
843 finished
860 finished
911 finished
855 finished
881 finished
871 finished
912 finished
915 finished
895 finished
920 finished
842 finished
917 finished
913 finished
887 finished
877 finished
916 finished
918 finished
914 finished
928 finished
853 finished
931 finished
830 finished
852 finished
933 finished
935 finished
889 finished
939 finished
872 finished
927 finished
942 finished
946 finished
897 finished
892 finished
891 finished
929 finished
969 finished
866 finished
925 finished
963 finished
948 finished
975 finished
849 finished
968 finished
878 finished
960 finished
956 finished
921 finished
902 finished
954 finished
870 finished
941 finished
957 finished
949 finished
882 finished
879 finished
966 finished
970 finished
900 finished
936 finished
906 finished
938 finished
985 finished
984 finished
840 finished
919 finished
987 finished
981 finished
896 finished
782 finished
888 finished
959 finished
924 finished
923 finished
952 finished
965 finished
940 finished
934 finished
994 finished
982 finished
990 finished
989 finished
993 finished
996 finished
945 finished
992 finished
977 finished
997 finished
999 finished
894 finished
937 finished
926 finished
964 finished
995 finished
980 finished
953 finished
979 finished
922 finished
947 finished
944 finished
951 finished
958 finished
961 finished
967 finished
930 finished
950 finished
955 finished
971 finished
973 finished
943 finished
988 finished
998 finished
886 finished
972 finished
932 finished
962 finished
983 finished
991 finished
976 finished
986 finished
974 finished
978 finished
0.63 0.55 0.421 0.592 0.496 0.308 0.0 0.0

0 finished
2 finished
5 finished
4 finished
11 finished
12 finished
18 finished
13 finished
23 finished
6 finished
7 finished
27 finished
3 finished
15 finished
29 finished
32 finished
25 finished
36 finished
39 finished
20 finished
40 finished
1 finished
16 finished
44 finished
30 finished
9 finished
46 finished
34 finished
51 finished
43 finished
24 finished
41 finished
37 finished
45 finished
61 finished
42 finished
59 finished
62 finished
55 finished
33 finished
50 finished
57 finished
66 finished
72 finished
56 finished
74 finished
60 finished
49 finished
52 finished
63 finished
28 finished
71 finished
38 finished
76 finished
58 finished
78 finished
26 finished
77 finished
53 finished
35 finished
21 finished
8 finished
48 finished
83 finished
68 finished
47 finished
87 finished
86 finished
79 finished
90 finished
82 finished
89 finished
93 finished
22 finished
64 finished
67 finished
88 finished
105 finished
107 finished
91 finished
111 finished
69 finished
102 finished
14 finished
19 finished
117 finished
120 finished
31 finished
108 finished
109 finished
110 finished
106 finished
84 finished
116 finished
94 finished
70 finished
123 finished
121 finished
125 finished
75 finished
118 finished
65 finished
96 finished
73 finished
10 finished
100 finished
128 finished
126 finished
131 finished
124 finished
136 finished
139 finished
80 finished
135 finished
54 finished
129 finished
130 finished
81 finished
119 finished
92 finished
98 finished
133 finished
97 finished
152 finished
146 finished
143 finished
113 finished
151 finished
162 finished
137 finished
101 finished
17 finished
104 finished
145 finished
163 finished
138 finished
103 finished
164 finished
85 finished
140 finished
127 finished
114 finished
174 finished
166 finished
169 finished
179 finished
95 finished
175 finished
176 finished
132 finished
170 finished
161 finished
115 finished
181 finished
182 finished
173 finished
158 finished
185 finished
159 finished
178 finished
149 finished
168 finished
188 finished
194 finished
112 finished
160 finished
99 finished
122 finished
195 finished
187 finished
197 finished
148 finished
184 finished
144 finished
147 finished
180 finished
199 finished
155 finished
189 finished
191 finished
157 finished
141 finished
202 finished
153 finished
172 finished
154 finished
204 finished
208 finished
205 finished
167 finished
165 finished
156 finished
193 finished
198 finished
212 finished
209 finished
222 finished
207 finished
214 finished
218 finished
223 finished
221 finished
201 finished
203 finished
216 finished
142 finished
224 finished
183 finished
210 finished
150 finished
237 finished
233 finished
227 finished
225 finished
177 finished
244 finished
219 finished
249 finished
247 finished
250 finished
196 finished
134 finished
235 finished
206 finished
262 finished
211 finished
241 finished
234 finished
257 finished
263 finished
258 finished
259 finished
260 finished
192 finished
253 finished
261 finished
271 finished
270 finished
267 finished
269 finished
268 finished
186 finished
171 finished
277 finished
273 finished
279 finished
200 finished
287 finished
282 finished
220 finished
283 finished
229 finished
274 finished
285 finished
288 finished
280 finished
286 finished
275 finished
291 finished
289 finished
281 finished
292 finished
230 finished
213 finished
290 finished
240 finished
190 finished
299 finished
243 finished
301 finished
245 finished
264 finished
251 finished
242 finished
236 finished
302 finished
298 finished
297 finished
313 finished
255 finished
276 finished
226 finished
254 finished
306 finished
311 finished
314 finished
266 finished
231 finished
256 finished
294 finished
323 finished
309 finished
284 finished
272 finished
324 finished
331 finished
321 finished
246 finished
293 finished
335 finished
325 finished
337 finished
307 finished
317 finished
338 finished
318 finished
300 finished
238 finished
248 finished
330 finished
215 finished
232 finished
328 finished
336 finished
333 finished
326 finished
340 finished
343 finished
217 finished
310 finished
346 finished
308 finished
352 finished
344 finished
296 finished
228 finished
295 finished
357 finished
359 finished
278 finished
239 finished
355 finished
351 finished
315 finished
304 finished
265 finished
365 finished
370 finished
377 finished
361 finished
384 finished
383 finished
252 finished
364 finished
320 finished
322 finished
369 finished
374 finished
319 finished
332 finished
312 finished
350 finished
363 finished
375 finished
382 finished
305 finished
387 finished
391 finished
394 finished
386 finished
392 finished
396 finished
372 finished
303 finished
327 finished
334 finished
347 finished
348 finished
400 finished
398 finished
414 finished
418 finished
407 finished
388 finished
408 finished
349 finished
417 finished
329 finished
316 finished
405 finished
341 finished
427 finished
393 finished
415 finished
420 finished
421 finished
380 finished
419 finished
425 finished
422 finished
373 finished
431 finished
378 finished
358 finished
432 finished
368 finished
354 finished
443 finished
342 finished
436 finished
362 finished
438 finished
446 finished
444 finished
412 finished
442 finished
402 finished
411 finished
449 finished
379 finished
452 finished
439 finished
451 finished
464 finished
448 finished
353 finished
397 finished
434 finished
462 finished
389 finished
453 finished
461 finished
399 finished
466 finished
367 finished
376 finished
465 finished
441 finished
457 finished
460 finished
472 finished
480 finished
371 finished
468 finished
476 finished
440 finished
475 finished
381 finished
478 finished
433 finished
445 finished
403 finished
469 finished
360 finished
406 finished
339 finished
356 finished
481 finished
345 finished
409 finished
484 finished
487 finished
494 finished
401 finished
413 finished
485 finished
474 finished
490 finished
493 finished
491 finished
390 finished
499 finished
495 finished
416 finished
450 finished
428 finished
500 finished
410 finished
497 finished
489 finished
509 finished
492 finished
423 finished
467 finished
404 finished
435 finished
458 finished
503 finished
502 finished
366 finished
508 finished
482 finished
385 finished
515 finished
529 finished
523 finished
447 finished
456 finished
513 finished
514 finished
505 finished
525 finished
471 finished
463 finished
479 finished
424 finished
534 finished
501 finished
526 finished
395 finished
429 finished
496 finished
528 finished
470 finished
530 finished
510 finished
545 finished
477 finished
454 finished
512 finished
544 finished
511 finished
488 finished
550 finished
524 finished
549 finished
437 finished
551 finished
483 finished
517 finished
541 finished
516 finished
504 finished
486 finished
455 finished
539 finished
473 finished
430 finished
533 finished
518 finished
556 finished
459 finished
538 finished
506 finished
540 finished
522 finished
536 finished
554 finished
426 finished
559 finished
558 finished
535 finished
498 finished
563 finished
561 finished
507 finished
542 finished
532 finished
586 finished
519 finished
583 finished
569 finished
567 finished
585 finished
568 finished
548 finished
582 finished
580 finished
520 finished
574 finished
553 finished
575 finished
579 finished
577 finished
597 finished
599 finished
573 finished
589 finished
591 finished
598 finished
590 finished
594 finished
593 finished
571 finished
596 finished
546 finished
543 finished
570 finished
562 finished
527 finished
604 finished
609 finished
531 finished
521 finished
616 finished
614 finished
555 finished
602 finished
611 finished
608 finished
576 finished
622 finished
623 finished
603 finished
547 finished
618 finished
617 finished
578 finished
560 finished
621 finished
627 finished
634 finished
572 finished
625 finished
626 finished
607 finished
581 finished
552 finished
613 finished
537 finished
643 finished
630 finished
584 finished
636 finished
644 finished
639 finished
566 finished
629 finished
642 finished
624 finished
565 finished
628 finished
592 finished
619 finished
605 finished
647 finished
606 finished
595 finished
557 finished
601 finished
661 finished
659 finished
649 finished
587 finished
646 finished
664 finished
641 finished
648 finished
667 finished
663 finished
650 finished
633 finished
656 finished
612 finished
652 finished
615 finished
668 finished
564 finished
600 finished
674 finished
651 finished
620 finished
588 finished
635 finished
670 finished
657 finished
679 finished
680 finished
638 finished
654 finished
658 finished
688 finished
694 finished
672 finished
673 finished
686 finished
681 finished
692 finished
695 finished
676 finished
631 finished
691 finished
640 finished
660 finished
662 finished
671 finished
610 finished
666 finished
653 finished
655 finished
684 finished
693 finished
709 finished
705 finished
697 finished
701 finished
637 finished
711 finished
724 finished
714 finished
715 finished
703 finished
704 finished
729 finished
675 finished
706 finished
727 finished
712 finished
702 finished
726 finished
733 finished
718 finished
723 finished
732 finished
720 finished
725 finished
716 finished
710 finished
632 finished
735 finished
745 finished
750 finished
753 finished
645 finished
669 finished
665 finished
752 finished
682 finished
740 finished
696 finished
741 finished
678 finished
677 finished
722 finished
734 finished
746 finished
721 finished
737 finished
778 finished
754 finished
774 finished
777 finished
756 finished
776 finished
731 finished
766 finished
707 finished
736 finished
687 finished
751 finished
768 finished
764 finished
690 finished
761 finished
760 finished
759 finished
730 finished
769 finished
775 finished
804 finished
802 finished
800 finished
796 finished
789 finished
807 finished
757 finished
700 finished
744 finished
795 finished
763 finished
713 finished
784 finished
797 finished
799 finished
749 finished
748 finished
772 finished
758 finished
698 finished
765 finished
738 finished
719 finished
717 finished
770 finished
742 finished
790 finished
739 finished
782 finished
683 finished
785 finished
780 finished
699 finished
825 finished
689 finished
755 finished
788 finished
786 finished
816 finished
809 finished
787 finished
805 finished
781 finished
767 finished
743 finished
806 finished
783 finished
808 finished
801 finished
708 finished
762 finished
747 finished
831 finished
779 finished
829 finished
791 finished
819 finished
826 finished
823 finished
830 finished
837 finished
685 finished
793 finished
836 finished
842 finished
840 finished
835 finished
824 finished
846 finished
845 finished
838 finished
862 finished
858 finished
811 finished
865 finished
855 finished
850 finished
843 finished
792 finished
867 finished
854 finished
828 finished
771 finished
794 finished
869 finished
812 finished
728 finished
803 finished
863 finished
870 finished
853 finished
859 finished
832 finished
827 finished
886 finished
856 finished
884 finished
882 finished
866 finished
875 finished
833 finished
895 finished
877 finished
899 finished
813 finished
905 finished
851 finished
820 finished
891 finished
873 finished
861 finished
841 finished
773 finished
814 finished
834 finished
880 finished
903 finished
893 finished
852 finished
864 finished
892 finished
822 finished
878 finished
872 finished
871 finished
817 finished
798 finished
821 finished
896 finished
898 finished
902 finished
810 finished
904 finished
818 finished
849 finished
909 finished
910 finished
897 finished
915 finished
900 finished
883 finished
868 finished
844 finished
847 finished
912 finished
913 finished
917 finished
860 finished
815 finished
923 finished
888 finished
920 finished
887 finished
914 finished
916 finished
906 finished
848 finished
925 finished
922 finished
894 finished
839 finished
885 finished
907 finished
901 finished
924 finished
857 finished
876 finished
890 finished
921 finished
881 finished
944 finished
889 finished
942 finished
946 finished
874 finished
919 finished
908 finished
935 finished
879 finished
950 finished
943 finished
933 finished
945 finished
953 finished
911 finished
927 finished
955 finished
947 finished
958 finished
951 finished
956 finished
934 finished
964 finished
967 finished
968 finished
952 finished
963 finished
959 finished
918 finished
932 finished
931 finished
926 finished
981 finished
965 finished
980 finished
973 finished
979 finished
987 finished
983 finished
937 finished
976 finished
954 finished
928 finished
948 finished
972 finished
985 finished
974 finished
930 finished
995 finished
999 finished
938 finished
970 finished
989 finished
940 finished
971 finished
941 finished
986 finished
992 finished
949 finished
962 finished
966 finished
929 finished
961 finished
977 finished
982 finished
996 finished
936 finished
960 finished
988 finished
969 finished
984 finished
939 finished
997 finished
975 finished
978 finished
994 finished
990 finished
957 finished
991 finished
998 finished
993 finished
0.225 0.371 0.404 0.185 0.341 0.322 0.0 0.0

1 finished
4 finished
5 finished
7 finished
8 finished
9 finished
0 finished
6 finished
23 finished
21 finished
16 finished
14 finished
10 finished
22 finished
3 finished
18 finished
24 finished
17 finished
11 finished
26 finished
34 finished
29 finished
2 finished
39 finished
43 finished
50 finished
35 finished
51 finished
36 finished
53 finished
30 finished
47 finished
12 finished
52 finished
33 finished
44 finished
41 finished
48 finished
46 finished
57 finished
27 finished
38 finished
56 finished
59 finished
63 finished
66 finished
62 finished
49 finished
67 finished
13 finished
19 finished
58 finished
74 finished
73 finished
71 finished
77 finished
78 finished
80 finished
69 finished
25 finished
79 finished
28 finished
91 finished
32 finished
84 finished
85 finished
54 finished
82 finished
68 finished
95 finished
88 finished
96 finished
103 finished
31 finished
109 finished
93 finished
97 finished
99 finished
105 finished
72 finished
106 finished
65 finished
37 finished
104 finished
113 finished
61 finished
112 finished
98 finished
120 finished
60 finished
115 finished
87 finished
118 finished
45 finished
64 finished
114 finished
128 finished
125 finished
127 finished
107 finished
119 finished
55 finished
42 finished
129 finished
130 finished
134 finished
138 finished
133 finished
132 finished
100 finished
15 finished
102 finished
131 finished
135 finished
141 finished
140 finished
123 finished
86 finished
75 finished
121 finished
139 finished
81 finished
76 finished
83 finished
40 finished
70 finished
20 finished
147 finished
145 finished
146 finished
148 finished
150 finished
143 finished
117 finished
155 finished
94 finished
116 finished
152 finished
157 finished
156 finished
136 finished
162 finished
153 finished
169 finished
110 finished
165 finished
171 finished
166 finished
161 finished
172 finished
90 finished
111 finished
175 finished
124 finished
178 finished
177 finished
89 finished
173 finished
170 finished
137 finished
184 finished
168 finished
183 finished
179 finished
142 finished
187 finished
101 finished
151 finished
181 finished
189 finished
194 finished
196 finished
197 finished
108 finished
190 finished
213 finished
202 finished
188 finished
195 finished
210 finished
193 finished
208 finished
209 finished
198 finished
174 finished
206 finished
182 finished
149 finished
217 finished
167 finished
220 finished
163 finished
144 finished
216 finished
222 finished
214 finished
226 finished
126 finished
237 finished
230 finished
225 finished
160 finished
215 finished
219 finished
158 finished
159 finished
154 finished
185 finished
228 finished
231 finished
204 finished
235 finished
200 finished
229 finished
250 finished
243 finished
180 finished
238 finished
247 finished
122 finished
203 finished
232 finished
246 finished
244 finished
201 finished
227 finished
262 finished
192 finished
259 finished
257 finished
176 finished
266 finished
255 finished
265 finished
92 finished
260 finished
218 finished
199 finished
234 finished
253 finished
224 finished
269 finished
261 finished
186 finished
254 finished
191 finished
211 finished
239 finished
251 finished
252 finished
223 finished
207 finished
282 finished
285 finished
271 finished
281 finished
291 finished
277 finished
283 finished
205 finished
284 finished
221 finished
164 finished
273 finished
286 finished
289 finished
292 finished
270 finished
280 finished
288 finished
233 finished
294 finished
236 finished
301 finished
299 finished
315 finished
317 finished
295 finished
297 finished
312 finished
321 finished
302 finished
313 finished
303 finished
322 finished
306 finished
320 finished
267 finished
326 finished
308 finished
309 finished
319 finished
327 finished
311 finished
256 finished
335 finished
300 finished
241 finished
329 finished
248 finished
330 finished
331 finished
338 finished
263 finished
274 finished
212 finished
264 finished
275 finished
342 finished
249 finished
357 finished
353 finished
345 finished
352 finished
348 finished
310 finished
355 finished
347 finished
268 finished
356 finished
296 finished
245 finished
367 finished
350 finished
370 finished
272 finished
373 finished
358 finished
333 finished
369 finished
346 finished
364 finished
374 finished
242 finished
361 finished
343 finished
349 finished
381 finished
377 finished
366 finished
371 finished
382 finished
328 finished
336 finished
378 finished
363 finished
240 finished
365 finished
380 finished
293 finished
351 finished
287 finished
383 finished
385 finished
394 finished
395 finished
314 finished
389 finished
393 finished
379 finished
278 finished
391 finished
318 finished
258 finished
298 finished
397 finished
344 finished
376 finished
405 finished
316 finished
403 finished
304 finished
416 finished
410 finished
413 finished
412 finished
368 finished
401 finished
404 finished
417 finished
411 finished
423 finished
415 finished
276 finished
420 finished
431 finished
400 finished
406 finished
359 finished
419 finished
408 finished
279 finished
323 finished
437 finished
388 finished
433 finished
440 finished
438 finished
399 finished
441 finished
436 finished
428 finished
340 finished
324 finished
386 finished
325 finished
290 finished
445 finished
332 finished
448 finished
442 finished
446 finished
375 finished
396 finished
384 finished
339 finished
444 finished
341 finished
459 finished
456 finished
337 finished
449 finished
461 finished
447 finished
467 finished
454 finished
466 finished
470 finished
460 finished
452 finished
472 finished
464 finished
362 finished
451 finished
471 finished
455 finished
439 finished
457 finished
407 finished
462 finished
477 finished
387 finished
402 finished
453 finished
468 finished
474 finished
450 finished
478 finished
481 finished
334 finished
307 finished
475 finished
473 finished
491 finished
495 finished
360 finished
494 finished
390 finished
458 finished
392 finished
489 finished
465 finished
492 finished
493 finished
354 finished
502 finished
409 finished
504 finished
501 finished
426 finished
513 finished
507 finished
305 finished
516 finished
463 finished
488 finished
508 finished
414 finished
398 finished
499 finished
509 finished
511 finished
505 finished
425 finished
500 finished
514 finished
372 finished
522 finished
510 finished
521 finished
430 finished
532 finished
528 finished
525 finished
533 finished
520 finished
480 finished
435 finished
526 finished
515 finished
483 finished
524 finished
484 finished
421 finished
476 finished
429 finished
531 finished
485 finished
422 finished
538 finished
432 finished
418 finished
544 finished
548 finished
490 finished
545 finished
542 finished
549 finished
537 finished
427 finished
487 finished
547 finished
503 finished
556 finished
443 finished
550 finished
486 finished
568 finished
551 finished
555 finished
560 finished
572 finished
575 finished
574 finished
563 finished
565 finished
564 finished
557 finished
578 finished
534 finished
540 finished
573 finished
580 finished
523 finished
434 finished
469 finished
554 finished
582 finished
577 finished
561 finished
535 finished
566 finished
562 finished
587 finished
584 finished
552 finished
482 finished
583 finished
512 finished
539 finished
576 finished
529 finished
498 finished
570 finished
585 finished
496 finished
593 finished
592 finished
497 finished
598 finished
605 finished
603 finished
589 finished
607 finished
606 finished
506 finished
602 finished
519 finished
567 finished
610 finished
619 finished
599 finished
617 finished
518 finished
608 finished
588 finished
624 finished
625 finished
597 finished
595 finished
530 finished
601 finished
590 finished
517 finished
613 finished
604 finished
618 finished
591 finished
614 finished
626 finished
571 finished
536 finished
634 finished
558 finished
630 finished
586 finished
627 finished
527 finished
640 finished
642 finished
553 finished
581 finished
424 finished
643 finished
646 finished
632 finished
644 finished
636 finished
658 finished
648 finished
654 finished
650 finished
652 finished
616 finished
656 finished
546 finished
651 finished
479 finished
543 finished
579 finished
677 finished
611 finished
659 finished
635 finished
668 finished
559 finished
594 finished
679 finished
569 finished
661 finished
615 finished
637 finished
684 finished
633 finished
685 finished
670 finished
667 finished
541 finished
675 finished
664 finished
672 finished
676 finished
600 finished
666 finished
638 finished
596 finished
683 finished
682 finished
669 finished
663 finished
629 finished
686 finished
681 finished
657 finished
653 finished
690 finished
655 finished
612 finished
689 finished
693 finished
662 finished
688 finished
696 finished
680 finished
649 finished
621 finished
623 finished
622 finished
673 finished
691 finished
647 finished
620 finished
700 finished
631 finished
697 finished
665 finished
701 finished
641 finished
695 finished
706 finished
714 finished
671 finished
694 finished
704 finished
645 finished
725 finished
703 finished
705 finished
628 finished
724 finished
715 finished
718 finished
716 finished
713 finished
719 finished
609 finished
639 finished
723 finished
728 finished
741 finished
729 finished
743 finished
740 finished
749 finished
734 finished
742 finished
660 finished
744 finished
747 finished
746 finished
720 finished
748 finished
754 finished
722 finished
707 finished
751 finished
757 finished
738 finished
756 finished
702 finished
730 finished
687 finished
708 finished
752 finished
678 finished
674 finished
692 finished
699 finished
750 finished
709 finished
711 finished
760 finished
726 finished
761 finished
737 finished
698 finished
766 finished
762 finished
753 finished
735 finished
710 finished
727 finished
778 finished
782 finished
736 finished
776 finished
772 finished
777 finished
779 finished
781 finished
780 finished
788 finished
721 finished
785 finished
774 finished
789 finished
717 finished
770 finished
765 finished
791 finished
732 finished
800 finished
810 finished
813 finished
712 finished
731 finished
733 finished
794 finished
793 finished
769 finished
787 finished
797 finished
816 finished
771 finished
804 finished
773 finished
786 finished
763 finished
818 finished
806 finished
758 finished
819 finished
811 finished
822 finished
759 finished
796 finished
821 finished
825 finished
798 finished
826 finished
784 finished
828 finished
775 finished
830 finished
829 finished
739 finished
824 finished
799 finished
833 finished
755 finished
839 finished
843 finished
827 finished
831 finished
834 finished
832 finished
808 finished
802 finished
745 finished
848 finished
768 finished
836 finished
849 finished
838 finished
844 finished
795 finished
764 finished
859 finished
855 finished
866 finished
860 finished
862 finished
812 finished
835 finished
861 finished
856 finished
767 finished
865 finished
820 finished
809 finished
863 finished
845 finished
868 finished
807 finished
790 finished
814 finished
873 finished
872 finished
805 finished
877 finished
884 finished
864 finished
792 finished
885 finished
880 finished
817 finished
847 finished
871 finished
879 finished
846 finished
883 finished
801 finished
783 finished
869 finished
803 finished
852 finished
851 finished
895 finished
815 finished
887 finished
894 finished
857 finished
898 finished
870 finished
840 finished
903 finished
906 finished
881 finished
842 finished
858 finished
888 finished
913 finished
875 finished
823 finished
912 finished
915 finished
905 finished
909 finished
911 finished
916 finished
925 finished
908 finished
867 finished
841 finished
876 finished
931 finished
914 finished
889 finished
878 finished
924 finished
899 finished
940 finished
874 finished
935 finished
920 finished
942 finished
850 finished
886 finished
902 finished
930 finished
943 finished
896 finished
917 finished
944 finished
933 finished
900 finished
853 finished
928 finished
936 finished
837 finished
891 finished
901 finished
890 finished
956 finished
945 finished
919 finished
953 finished
932 finished
950 finished
926 finished
946 finished
927 finished
947 finished
922 finished
958 finished
882 finished
941 finished
964 finished
948 finished
970 finished
854 finished
960 finished
939 finished
971 finished
967 finished
969 finished
968 finished
897 finished
966 finished
955 finished
952 finished
929 finished
965 finished
973 finished
978 finished
983 finished
957 finished
981 finished
893 finished
986 finished
980 finished
938 finished
989 finished
904 finished
976 finished
923 finished
987 finished
959 finished
907 finished
992 finished
934 finished
997 finished
979 finished
994 finished
974 finished
998 finished
937 finished
963 finished
984 finished
954 finished
892 finished
918 finished
951 finished
999 finished
921 finished
910 finished
991 finished
962 finished
961 finished
990 finished
985 finished
949 finished
972 finished
982 finished
977 finished
996 finished
993 finished
988 finished
975 finished
995 finished
0.002 0.225 0.349 0.002 0.211 0.3 0.0 0.0

5 finished
3 finished
0 finished
11 finished
4 finished
9 finished
12 finished
19 finished
15 finished
18 finished
16 finished
20 finished
17 finished
7 finished
8 finished
24 finished
27 finished
26 finished
30 finished
34 finished
22 finished
33 finished
40 finished
6 finished
36 finished
13 finished
28 finished
23 finished
44 finished
48 finished
50 finished
47 finished
52 finished
49 finished
56 finished
62 finished
46 finished
57 finished
64 finished
32 finished
59 finished
54 finished
63 finished
43 finished
66 finished
60 finished
42 finished
21 finished
71 finished
55 finished
67 finished
76 finished
1 finished
35 finished
58 finished
77 finished
74 finished
61 finished
75 finished
2 finished
25 finished
37 finished
31 finished
80 finished
41 finished
51 finished
10 finished
83 finished
84 finished
39 finished
73 finished
85 finished
29 finished
45 finished
95 finished
87 finished
92 finished
96 finished
94 finished
93 finished
72 finished
98 finished
97 finished
38 finished
14 finished
102 finished
65 finished
89 finished
101 finished
70 finished
100 finished
103 finished
86 finished
105 finished
104 finished
78 finished
107 finished
91 finished
81 finished
108 finished
68 finished
109 finished
106 finished
88 finished
111 finished
69 finished
110 finished
114 finished
115 finished
118 finished
125 finished
120 finished
53 finished
131 finished
121 finished
136 finished
137 finished
134 finished
132 finished
139 finished
124 finished
138 finished
140 finished
117 finished
112 finished
141 finished
149 finished
99 finished
146 finished
144 finished
129 finished
79 finished
147 finished
143 finished
128 finished
142 finished
82 finished
123 finished
133 finished
155 finished
158 finished
122 finished
163 finished
159 finished
170 finished
153 finished
157 finished
174 finished
127 finished
161 finished
162 finished
164 finished
173 finished
167 finished
165 finished
119 finished
160 finished
175 finished
185 finished
90 finished
181 finished
171 finished
113 finished
156 finished
182 finished
180 finished
177 finished
166 finished
130 finished
190 finished
191 finished
184 finished
179 finished
145 finished
196 finished
186 finished
194 finished
202 finished
187 finished
195 finished
189 finished
168 finished
188 finished
200 finished
197 finished
204 finished
198 finished
201 finished
126 finished
206 finished
183 finished
192 finished
208 finished
135 finished
116 finished
213 finished
216 finished
215 finished
228 finished
229 finished
233 finished
210 finished
236 finished
231 finished
227 finished
219 finished
223 finished
248 finished
224 finished
241 finished
214 finished
240 finished
222 finished
176 finished
249 finished
221 finished
205 finished
239 finished
250 finished
235 finished
253 finished
230 finished
251 finished
152 finished
252 finished
226 finished
247 finished
172 finished
150 finished
234 finished
154 finished
244 finished
257 finished
258 finished
260 finished
259 finished
262 finished
265 finished
269 finished
148 finished
268 finished
169 finished
203 finished
151 finished
220 finished
264 finished
261 finished
270 finished
267 finished
217 finished
272 finished
254 finished
199 finished
243 finished
283 finished
278 finished
279 finished
285 finished
274 finished
256 finished
275 finished
284 finished
277 finished
276 finished
271 finished
281 finished
273 finished
263 finished
238 finished
207 finished
178 finished
212 finished
211 finished
242 finished
237 finished
266 finished
293 finished
232 finished
282 finished
289 finished
295 finished
255 finished
291 finished
280 finished
209 finished
286 finished
303 finished
318 finished
297 finished
296 finished
294 finished
298 finished
307 finished
320 finished
329 finished
314 finished
193 finished
301 finished
332 finished
311 finished
309 finished
336 finished
305 finished
299 finished
337 finished
323 finished
331 finished
313 finished
325 finished
334 finished
312 finished
333 finished
345 finished
218 finished
348 finished
349 finished
342 finished
322 finished
317 finished
347 finished
245 finished
316 finished
353 finished
351 finished
346 finished
350 finished
356 finished
355 finished
352 finished
288 finished
354 finished
290 finished
225 finished
341 finished
357 finished
366 finished
246 finished
363 finished
361 finished
306 finished
371 finished
344 finished
359 finished
362 finished
292 finished
376 finished
370 finished
304 finished
372 finished
321 finished
338 finished
330 finished
310 finished
340 finished
386 finished
377 finished
384 finished
383 finished
381 finished
385 finished
315 finished
328 finished
335 finished
327 finished
326 finished
373 finished
360 finished
395 finished
398 finished
403 finished
392 finished
396 finished
388 finished
393 finished
390 finished
367 finished
380 finished
300 finished
400 finished
402 finished
302 finished
397 finished
324 finished
394 finished
287 finished
389 finished
412 finished
319 finished
343 finished
365 finished
444 finished
404 finished
436 finished
430 finished
421 finished
431 finished
442 finished
429 finished
435 finished
416 finished
405 finished
409 finished
411 finished
410 finished
406 finished
401 finished
358 finished
408 finished
438 finished
407 finished
382 finished
369 finished
308 finished
441 finished
374 finished
413 finished
425 finished
417 finished
432 finished
447 finished
452 finished
439 finished
339 finished
379 finished
453 finished
364 finished
451 finished
456 finished
424 finished
468 finished
473 finished
470 finished
469 finished
454 finished
460 finished
464 finished
457 finished
472 finished
465 finished
476 finished
445 finished
466 finished
375 finished
462 finished
415 finished
474 finished
446 finished
455 finished
482 finished
463 finished
488 finished
484 finished
477 finished
497 finished
458 finished
459 finished
475 finished
501 finished
428 finished
491 finished
498 finished
502 finished
485 finished
494 finished
499 finished
486 finished
500 finished
490 finished
481 finished
387 finished
448 finished
378 finished
496 finished
479 finished
487 finished
437 finished
450 finished
422 finished
507 finished
510 finished
514 finished
493 finished
478 finished
449 finished
529 finished
440 finished
513 finished
427 finished
523 finished
531 finished
420 finished
391 finished
520 finished
535 finished
505 finished
527 finished
506 finished
522 finished
368 finished
550 finished
548 finished
543 finished
511 finished
526 finished
509 finished
553 finished
542 finished
537 finished
559 finished
536 finished
426 finished
566 finished
563 finished
434 finished
552 finished
533 finished
419 finished
539 finished
504 finished
495 finished
418 finished
525 finished
560 finished
443 finished
521 finished
516 finished
461 finished
547 finished
530 finished
540 finished
562 finished
565 finished
558 finished
423 finished
471 finished
549 finished
414 finished
573 finished
467 finished
541 finished
554 finished
492 finished
528 finished
433 finished
569 finished
517 finished
579 finished
587 finished
589 finished
534 finished
575 finished
515 finished
583 finished
586 finished
581 finished
503 finished
557 finished
532 finished
508 finished
601 finished
582 finished
577 finished
614 finished
578 finished
580 finished
585 finished
489 finished
545 finished
604 finished
599 finished
615 finished
593 finished
607 finished
567 finished
598 finished
609 finished
610 finished
600 finished
594 finished
621 finished
612 finished
597 finished
619 finished
623 finished
628 finished
613 finished
606 finished
627 finished
620 finished
546 finished
618 finished
512 finished
602 finished
625 finished
630 finished
480 finished
626 finished
518 finished
622 finished
483 finished
591 finished
551 finished
605 finished
524 finished
608 finished
634 finished
631 finished
561 finished
572 finished
555 finished
592 finished
633 finished
637 finished
651 finished
564 finished
584 finished
596 finished
663 finished
645 finished
646 finished
667 finished
660 finished
672 finished
538 finished
674 finished
680 finished
588 finished
659 finished
661 finished
647 finished
673 finished
653 finished
519 finished
639 finished
671 finished
571 finished
648 finished
668 finished
643 finished
670 finished
556 finished
654 finished
642 finished
669 finished
682 finished
635 finished
640 finished
658 finished
655 finished
576 finished
650 finished
399 finished
686 finished
652 finished
688 finished
544 finished
590 finished
689 finished
632 finished
649 finished
570 finished
690 finished
666 finished
683 finished
691 finished
595 finished
694 finished
702 finished
697 finished
665 finished
662 finished
574 finished
664 finished
698 finished
699 finished
568 finished
703 finished
712 finished
693 finished
624 finished
636 finished
720 finished
716 finished
696 finished
708 finished
738 finished
721 finished
732 finished
726 finished
718 finished
733 finished
731 finished
706 finished
730 finished
711 finished
724 finished
725 finished
729 finished
727 finished
707 finished
657 finished
723 finished
719 finished
638 finished
710 finished
700 finished
715 finished
751 finished
739 finished
753 finished
758 finished
756 finished
761 finished
681 finished
641 finished
748 finished
744 finished
741 finished
644 finished
743 finished
736 finished
603 finished
760 finished
705 finished
709 finished
749 finished
742 finished
757 finished
616 finished
675 finished
754 finished
746 finished
745 finished
617 finished
713 finished
763 finished
775 finished
771 finished
767 finished
764 finished
769 finished
778 finished
776 finished
782 finished
692 finished
785 finished
773 finished
795 finished
793 finished
759 finished
768 finished
791 finished
777 finished
779 finished
772 finished
792 finished
789 finished
762 finished
629 finished
765 finished
803 finished
679 finished
787 finished
801 finished
774 finished
781 finished
800 finished
804 finished
797 finished
810 finished
611 finished
813 finished
656 finished
814 finished
783 finished
676 finished
734 finished
811 finished
788 finished
818 finished
755 finished
704 finished
807 finished
820 finished
806 finished
685 finished
845 finished
714 finished
825 finished
823 finished
821 finished
819 finished
817 finished
678 finished
809 finished
846 finished
860 finished
677 finished
784 finished
852 finished
826 finished
822 finished
853 finished
831 finished
830 finished
855 finished
832 finished
798 finished
850 finished
747 finished
843 finished
847 finished
833 finished
849 finished
816 finished
840 finished
824 finished
834 finished
805 finished
770 finished
856 finished
872 finished
875 finished
867 finished
815 finished
695 finished
863 finished
868 finished
874 finished
859 finished
861 finished
687 finished
786 finished
737 finished
684 finished
839 finished
862 finished
752 finished
869 finished
871 finished
740 finished
836 finished
866 finished
854 finished
701 finished
865 finished
882 finished
722 finished
873 finished
844 finished
799 finished
750 finished
888 finished
876 finished
780 finished
892 finished
794 finished
887 finished
881 finished
891 finished
897 finished
812 finished
893 finished
879 finished
890 finished
894 finished
898 finished
851 finished
880 finished
883 finished
922 finished
919 finished
900 finished
796 finished
933 finished
842 finished
915 finished
766 finished
927 finished
910 finished
906 finished
885 finished
914 finished
920 finished
909 finished
924 finished
935 finished
917 finished
848 finished
829 finished
728 finished
930 finished
878 finished
802 finished
904 finished
932 finished
857 finished
864 finished
905 finished
934 finished
837 finished
838 finished
908 finished
835 finished
939 finished
902 finished
895 finished
937 finished
942 finished
954 finished
941 finished
944 finished
946 finished
957 finished
947 finished
949 finished
717 finished
952 finished
923 finished
889 finished
828 finished
940 finished
948 finished
945 finished
896 finished
735 finished
971 finished
967 finished
827 finished
975 finished
951 finished
953 finished
907 finished
808 finished
877 finished
973 finished
972 finished
979 finished
980 finished
961 finished
978 finished
966 finished
958 finished
913 finished
968 finished
870 finished
969 finished
960 finished
956 finished
981 finished
984 finished
858 finished
921 finished
982 finished
903 finished
884 finished
974 finished
841 finished
989 finished
911 finished
790 finished
916 finished
991 finished
899 finished
965 finished
977 finished
912 finished
999 finished
964 finished
987 finished
985 finished
886 finished
988 finished
986 finished
998 finished
926 finished
995 finished
936 finished
990 finished
929 finished
901 finished
959 finished
992 finished
931 finished
963 finished
925 finished
997 finished
918 finished
996 finished
976 finished
943 finished
962 finished
970 finished
993 finished
950 finished
994 finished
983 finished
928 finished
955 finished
938 finished
0.0 0.112 0.27 0.0 0.1 0.234 0.0 0.0

21 finished
1 finished
2 finished
19 finished
24 finished
16 finished
4 finished
14 finished
9 finished
12 finished
28 finished
31 finished
30 finished
10 finished
17 finished
38 finished
37 finished
43 finished
5 finished
11 finished
32 finished
33 finished
40 finished
42 finished
7 finished
36 finished
6 finished
39 finished
15 finished
41 finished
50 finished
22 finished
46 finished
45 finished
3 finished
18 finished
52 finished
65 finished
64 finished
0 finished
63 finished
69 finished
76 finished
62 finished
77 finished
79 finished
53 finished
57 finished
71 finished
66 finished
56 finished
26 finished
78 finished
81 finished
13 finished
59 finished
72 finished
35 finished
96 finished
94 finished
55 finished
75 finished
51 finished
84 finished
34 finished
86 finished
85 finished
67 finished
90 finished
97 finished
101 finished
87 finished
100 finished
99 finished
102 finished
112 finished
115 finished
104 finished
54 finished
113 finished
114 finished
23 finished
20 finished
106 finished
117 finished
125 finished
48 finished
8 finished
74 finished
126 finished
127 finished
124 finished
136 finished
27 finished
138 finished
105 finished
130 finished
68 finished
116 finished
135 finished
120 finished
132 finished
121 finished
133 finished
29 finished
47 finished
73 finished
108 finished
139 finished
25 finished
140 finished
141 finished
111 finished
142 finished
60 finished
61 finished
83 finished
144 finished
82 finished
109 finished
93 finished
147 finished
160 finished
156 finished
95 finished
148 finished
155 finished
153 finished
92 finished
88 finished
162 finished
49 finished
151 finished
173 finished
134 finished
164 finished
167 finished
152 finished
161 finished
58 finished
181 finished
143 finished
174 finished
70 finished
175 finished
123 finished
171 finished
110 finished
154 finished
191 finished
193 finished
200 finished
192 finished
91 finished
197 finished
179 finished
177 finished
44 finished
145 finished
168 finished
188 finished
178 finished
98 finished
195 finished
194 finished
199 finished
183 finished
80 finished
169 finished
203 finished
180 finished
217 finished
224 finished
146 finished
206 finished
207 finished
185 finished
107 finished
215 finished
187 finished
212 finished
204 finished
103 finished
223 finished
118 finished
213 finished
158 finished
220 finished
170 finished
211 finished
119 finished
137 finished
89 finished
201 finished
176 finished
221 finished
159 finished
214 finished
230 finished
219 finished
228 finished
233 finished
229 finished
163 finished
226 finished
129 finished
264 finished
253 finished
248 finished
243 finished
231 finished
246 finished
210 finished
242 finished
240 finished
222 finished
202 finished
267 finished
128 finished
190 finished
252 finished
258 finished
265 finished
131 finished
257 finished
184 finished
271 finished
157 finished
272 finished
249 finished
238 finished
166 finished
172 finished
268 finished
196 finished
209 finished
262 finished
150 finished
239 finished
259 finished
216 finished
237 finished
244 finished
275 finished
236 finished
205 finished
277 finished
122 finished
293 finished
281 finished
289 finished
280 finished
283 finished
288 finished
316 finished
251 finished
294 finished
298 finished
286 finished
208 finished
287 finished
312 finished
302 finished
308 finished
311 finished
250 finished
301 finished
256 finished
304 finished
317 finished
313 finished
149 finished
299 finished
314 finished
218 finished
305 finished
266 finished
247 finished
279 finished
292 finished
232 finished
255 finished
322 finished
323 finished
186 finished
234 finished
189 finished
327 finished
225 finished
328 finished
334 finished
321 finished
333 finished
332 finished
285 finished
337 finished
325 finished
336 finished
320 finished
270 finished
245 finished
260 finished
165 finished
291 finished
357 finished
198 finished
274 finished
345 finished
341 finished
339 finished
254 finished
182 finished
356 finished
352 finished
353 finished
367 finished
227 finished
364 finished
368 finished
349 finished
290 finished
235 finished
350 finished
343 finished
276 finished
354 finished
326 finished
369 finished
335 finished
371 finished
340 finished
319 finished
278 finished
366 finished
261 finished
269 finished
380 finished
374 finished
388 finished
383 finished
389 finished
379 finished
386 finished
384 finished
241 finished
376 finished
395 finished
392 finished
399 finished
263 finished
372 finished
390 finished
348 finished
297 finished
330 finished
324 finished
393 finished
331 finished
385 finished
318 finished
355 finished
397 finished
381 finished
377 finished
375 finished
370 finished
359 finished
284 finished
408 finished
315 finished
309 finished
338 finished
396 finished
296 finished
347 finished
403 finished
378 finished
415 finished
307 finished
402 finished
300 finished
412 finished
329 finished
423 finished
414 finished
427 finished
417 finished
425 finished
365 finished
391 finished
413 finished
420 finished
411 finished
358 finished
405 finished
373 finished
346 finished
303 finished
387 finished
361 finished
344 finished
382 finished
419 finished
360 finished
363 finished
362 finished
310 finished
430 finished
433 finished
410 finished
404 finished
429 finished
432 finished
436 finished
295 finished
407 finished
409 finished
444 finished
437 finished
282 finished
440 finished
446 finished
416 finished
441 finished
351 finished
445 finished
342 finished
439 finished
394 finished
273 finished
438 finished
435 finished
406 finished
306 finished
453 finished
424 finished
398 finished
401 finished
463 finished
461 finished
421 finished
459 finished
428 finished
479 finished
452 finished
470 finished
477 finished
400 finished
457 finished
465 finished
460 finished
471 finished
481 finished
426 finished
474 finished
467 finished
462 finished
482 finished
491 finished
418 finished
490 finished
496 finished
473 finished
483 finished
489 finished
487 finished
488 finished
454 finished
485 finished
434 finished
502 finished
431 finished
504 finished
495 finished
449 finished
455 finished
492 finished
509 finished
510 finished
501 finished
469 finished
450 finished
513 finished
464 finished
508 finished
503 finished
515 finished
516 finished
443 finished
511 finished
422 finished
518 finished
486 finished
498 finished
506 finished
493 finished
520 finished
521 finished
531 finished
527 finished
480 finished
534 finished
528 finished
456 finished
475 finished
514 finished
468 finished
526 finished
525 finished
466 finished
522 finished
539 finished
536 finished
546 finished
533 finished
545 finished
447 finished
550 finished
532 finished
541 finished
458 finished
538 finished
497 finished
442 finished
554 finished
547 finished
551 finished
476 finished
549 finished
543 finished
544 finished
557 finished
555 finished
507 finished
472 finished
519 finished
553 finished
542 finished
558 finished
535 finished
548 finished
564 finished
556 finished
577 finished
561 finished
571 finished
587 finished
575 finished
578 finished
589 finished
591 finished
565 finished
562 finished
579 finished
567 finished
568 finished
574 finished
585 finished
590 finished
576 finished
581 finished
512 finished
499 finished
573 finished
451 finished
569 finished
588 finished
560 finished
478 finished
583 finished
505 finished
570 finished
603 finished
586 finished
494 finished
601 finished
605 finished
604 finished
613 finished
524 finished
606 finished
610 finished
523 finished
620 finished
484 finished
619 finished
628 finished
611 finished
631 finished
582 finished
635 finished
597 finished
627 finished
600 finished
615 finished
633 finished
622 finished
621 finished
638 finished
614 finished
616 finished
602 finished
636 finished
642 finished
517 finished
594 finished
634 finished
647 finished
625 finished
641 finished
632 finished
566 finished
612 finished
637 finished
448 finished
630 finished
596 finished
626 finished
656 finished
623 finished
661 finished
651 finished
646 finished
645 finished
500 finished
669 finished
655 finished
639 finished
672 finished
657 finished
649 finished
529 finished
665 finished
593 finished
540 finished
676 finished
537 finished
671 finished
658 finished
681 finished
530 finished
680 finished
670 finished
678 finished
552 finished
629 finished
684 finished
674 finished
559 finished
686 finished
692 finished
696 finished
691 finished
698 finished
592 finished
689 finished
702 finished
700 finished
659 finished
584 finished
609 finished
703 finished
699 finished
580 finished
711 finished
608 finished
704 finished
643 finished
695 finished
685 finished
715 finished
687 finished
701 finished
599 finished
710 finished
709 finished
598 finished
713 finished
726 finished
663 finished
721 finished
717 finished
712 finished
724 finished
617 finished
723 finished
720 finished
727 finished
675 finished
644 finished
653 finished
714 finished
607 finished
650 finished
572 finished
728 finished
654 finished
690 finished
737 finished
733 finished
734 finished
667 finished
736 finished
746 finished
748 finished
740 finished
731 finished
705 finished
751 finished
693 finished
732 finished
739 finished
648 finished
730 finished
735 finished
738 finished
662 finished
563 finished
682 finished
750 finished
757 finished
762 finished
745 finished
652 finished
679 finished
763 finished
761 finished
697 finished
753 finished
706 finished
664 finished
758 finished
688 finished
719 finished
767 finished
660 finished
764 finished
743 finished
777 finished
618 finished
749 finished
666 finished
770 finished
595 finished
779 finished
707 finished
716 finished
766 finished
783 finished
756 finished
773 finished
780 finished
708 finished
776 finished
789 finished
786 finished
787 finished
771 finished
791 finished
790 finished
793 finished
803 finished
782 finished
673 finished
794 finished
795 finished
742 finished
744 finished
802 finished
677 finished
765 finished
781 finished
788 finished
694 finished
729 finished
624 finished
668 finished
815 finished
809 finished
747 finished
741 finished
819 finished
760 finished
772 finished
818 finished
812 finished
798 finished
821 finished
797 finished
820 finished
806 finished
808 finished
759 finished
810 finished
817 finished
811 finished
725 finished
722 finished
683 finished
824 finished
825 finished
823 finished
822 finished
829 finished
799 finished
832 finished
842 finished
833 finished
849 finished
831 finished
840 finished
754 finished
837 finished
848 finished
800 finished
769 finished
805 finished
844 finished
845 finished
816 finished
774 finished
839 finished
830 finished
827 finished
850 finished
863 finished
861 finished
865 finished
860 finished
859 finished
856 finished
852 finished
857 finished
768 finished
870 finished
801 finished
640 finished
868 finished
867 finished
864 finished
826 finished
775 finished
862 finished
807 finished
813 finished
866 finished
846 finished
834 finished
778 finished
872 finished
879 finished
887 finished
792 finished
869 finished
873 finished
752 finished
838 finished
814 finished
718 finished
877 finished
843 finished
785 finished
882 finished
755 finished
888 finished
891 finished
889 finished
896 finished
900 finished
905 finished
836 finished
904 finished
898 finished
892 finished
907 finished
835 finished
910 finished
899 finished
906 finished
897 finished
901 finished
918 finished
796 finished
917 finished
923 finished
924 finished
908 finished
915 finished
913 finished
855 finished
929 finished
902 finished
912 finished
916 finished
925 finished
894 finished
828 finished
947 finished
895 finished
940 finished
930 finished
938 finished
858 finished
934 finished
943 finished
950 finished
881 finished
948 finished
953 finished
933 finished
952 finished
954 finished
921 finished
922 finished
884 finished
946 finished
853 finished
962 finished
957 finished
804 finished
965 finished
851 finished
871 finished
874 finished
959 finished
976 finished
955 finished
880 finished
971 finished
784 finished
977 finished
847 finished
974 finished
972 finished
963 finished
883 finished
973 finished
978 finished
964 finished
841 finished
982 finished
984 finished
945 finished
969 finished
927 finished
987 finished
890 finished
980 finished
983 finished
886 finished
979 finished
988 finished
903 finished
942 finished
960 finished
914 finished
992 finished
854 finished
990 finished
986 finished
911 finished
932 finished
926 finished
998 finished
876 finished
966 finished
919 finished
875 finished
958 finished
995 finished
935 finished
997 finished
941 finished
981 finished
949 finished
968 finished
909 finished
878 finished
989 finished
961 finished
967 finished
970 finished
931 finished
920 finished
999 finished
939 finished
893 finished
885 finished
928 finished
944 finished
975 finished
956 finished
993 finished
937 finished
936 finished
951 finished
985 finished
996 finished
994 finished
991 finished
0.0 0.22 0.336 0.0 0.203 0.29 0.0 0.0

Work Load 
rsf: 0.2

rsf: 0.30000000000000004

rsf: 0.4

rsf: 0.5

rsf: 0.6000000000000001


 
 CS Length 
tasks per core: 3

tasks per core: 4
21 0.861 0.854 0.388 0.775 0.737 0.217 0.0 0.0
22 0.63 0.55 0.421 0.592 0.496 0.308 0.0 0.0
23 0.225 0.371 0.404 0.185 0.341 0.322 0.0 0.0
24 0.002 0.225 0.349 0.002 0.211 0.3 0.0 0.0
25 0.0 0.112 0.27 0.0 0.1 0.234 0.0 0.0
26 0.0 0.22 0.336 0.0 0.203 0.29 0.0 0.0

tasks per core: 5

tasks per core: 6

tasks per core: 7


 
 Resource Access 
tasks per core: 3

tasks per core: 5

tasks per core: 7


 
 Parallel 
rsf: 0.2

rsf: 0.30000000000000004

rsf: 0.4


